[2024-11-27 14:14:14,759: INFO: common: yaml file: config\config.yaml loaded successfully:]
[2024-11-27 14:14:14,769: INFO: common: yaml file: params.yaml loaded successfully:]
[2024-11-27 14:14:14,771: INFO: common: Created directory at: data:]
[2024-11-27 14:14:14,773: INFO: common: Created directory at: data/data_ingestion:]
[2024-11-27 14:14:54,617: INFO: common: yaml file: config\config.yaml loaded successfully:]
[2024-11-27 14:14:54,620: INFO: common: yaml file: params.yaml loaded successfully:]
[2024-11-27 14:14:54,621: INFO: common: Created directory at: data:]
[2024-11-27 14:14:54,622: INFO: common: Created directory at: data/data_ingestion:]
[2024-11-27 17:29:33,841: INFO: common: yaml file: config\config.yaml loaded successfully:]
[2024-11-27 17:29:33,847: INFO: common: yaml file: params.yaml loaded successfully:]
[2024-11-27 17:29:33,850: INFO: common: Created directory at: data:]
[2024-11-27 17:29:33,852: INFO: common: Created directory at: data/data_ingestion:]
[2024-11-27 17:30:19,045: INFO: common: yaml file: config\config.yaml loaded successfully:]
[2024-11-27 17:30:19,047: INFO: common: yaml file: params.yaml loaded successfully:]
[2024-11-27 17:30:19,049: INFO: common: Created directory at: data:]
[2024-11-27 17:30:19,050: INFO: common: Created directory at: data/data_ingestion:]
[2024-11-27 18:05:10,161: INFO: common: yaml file: config\config.yaml loaded successfully:]
[2024-11-27 18:05:10,165: INFO: common: yaml file: params.yaml loaded successfully:]
[2024-11-27 18:05:10,167: INFO: common: Created directory at: data:]
[2024-11-27 18:05:10,168: INFO: common: Created directory at: data/data_ingestion:]
[2024-11-27 18:05:13,540: INFO: 1134079346: data/data_ingestion/data.zip downloaded with the following info: 
 Connection: close
Content-Length: 11616915
Cache-Control: max-age=300
Content-Security-Policy: default-src 'none'; style-src 'unsafe-inline'; sandbox
Content-Type: application/zip
ETag: "adf745abc03891fe493c3be264ec012691fe3fa21d861f35a27edbe6d86a76b1"
Strict-Transport-Security: max-age=31536000
X-Content-Type-Options: nosniff
X-Frame-Options: deny
X-XSS-Protection: 1; mode=block
X-GitHub-Request-Id: 43F4:183B0A:2CA30C:33B4CB:6747117C
Accept-Ranges: bytes
Date: Wed, 27 Nov 2024 12:33:02 GMT
Via: 1.1 varnish
X-Served-By: cache-bom4750-BOM
X-Cache: MISS
X-Cache-Hits: 0
X-Timer: S1732710781.736380,VS0,VE1539
Vary: Authorization,Accept-Encoding,Origin
Access-Control-Allow-Origin: *
Cross-Origin-Resource-Policy: cross-origin
X-Fastly-Request-ID: f7a0f8734016f6567165fcb4dcb5a10fb47b6a66
Expires: Wed, 27 Nov 2024 12:38:02 GMT
Source-Age: 1

:]
